# JRE version: Java(TM) SE Runtime Environment (8.0_45-b15) (build 1.8.0_45-b15)
# Java VM: Java HotSpot(TM) 64-Bit Server VM (25.45-b02 mixed mode windows-amd64 compressed oops)
Heap:
 PSYoungGen      total 121856K, used 110968K [0x00000000f7b00000, 0x00000000ffe80000, 0x0000000100000000)
  eden space 111104K, 96% used [0x00000000f7b00000,0x00000000fe3ac218,0x00000000fe780000)
  from space 10752K, 35% used [0x00000000ff400000,0x00000000ff7b2100,0x00000000ffe80000)
  to   space 11776K, 0% used [0x00000000fe780000,0x00000000fe780000,0x00000000ff300000)
 ParOldGen       total 71168K, used 22826K [0x00000000e7000000, 0x00000000eb580000, 0x00000000f7b00000)
  object space 71168K, 32% used [0x00000000e7000000,0x00000000e864aac0,0x00000000eb580000)
 Metaspace       used 37058K, capacity 37341K, committed 37632K, reserved 1081344K
  class space    used 4724K, capacity 4800K, committed 4864K, reserved 1048576K
GC Heap History (10 events):
Event: 13.701 GC heap before
{Heap before GC invocations=20 (full 2):
 PSYoungGen      total 131072K, used 126464K [0x00000000f7b00000, 0x0000000100000000, 0x0000000100000000)
  eden space 126464K, 100% used [0x00000000f7b00000,0x00000000ff680000,0x00000000ff680000)
  from space 4608K, 0% used [0x00000000ff680000,0x00000000ff680000,0x00000000ffb00000)
  to   space 5120K, 0% used [0x00000000ffb00000,0x00000000ffb00000,0x0000000100000000)
 ParOldGen       total 71168K, used 21905K [0x00000000e7000000, 0x00000000eb580000, 0x00000000f7b00000)
  object space 71168K, 30% used [0x00000000e7000000,0x00000000e8564610,0x00000000eb580000)
 Metaspace       used 30124K, capacity 30392K, committed 30848K, reserved 1075200K
  class space    used 4107K, capacity 4195K, committed 4224K, reserved 1048576K
Event: 13.704 GC heap after
Heap after GC invocations=20 (full 2):
 PSYoungGen      total 113664K, used 3499K [0x00000000f7b00000, 0x0000000100000000, 0x0000000100000000)
  eden space 108544K, 0% used [0x00000000f7b00000,0x00000000f7b00000,0x00000000fe500000)
  from space 5120K, 68% used [0x00000000ffb00000,0x00000000ffe6ac08,0x0000000100000000)
  to   space 13824K, 0% used [0x00000000fe500000,0x00000000fe500000,0x00000000ff280000)
 ParOldGen       total 71168K, used 21913K [0x00000000e7000000, 0x00000000eb580000, 0x00000000f7b00000)
  object space 71168K, 30% used [0x00000000e7000000,0x00000000e8566610,0x00000000eb580000)
 Metaspace       used 30124K, capacity 30392K, committed 30848K, reserved 1075200K
  class space    used 4107K, capacity 4195K, committed 4224K, reserved 1048576K
}
Event: 14.103 GC heap before
{Heap before GC invocations=21 (full 2):
 PSYoungGen      total 113664K, used 112043K [0x00000000f7b00000, 0x0000000100000000, 0x0000000100000000)
  eden space 108544K, 100% used [0x00000000f7b00000,0x00000000fe500000,0x00000000fe500000)
  from space 5120K, 68% used [0x00000000ffb00000,0x00000000ffe6ac08,0x0000000100000000)
  to   space 13824K, 0% used [0x00000000fe500000,0x00000000fe500000,0x00000000ff280000)
 ParOldGen       total 71168K, used 21913K [0x00000000e7000000, 0x00000000eb580000, 0x00000000f7b00000)
  object space 71168K, 30% used [0x00000000e7000000,0x00000000e8566610,0x00000000eb580000)
 Metaspace       used 31183K, capacity 31550K, committed 32000K, reserved 1077248K
  class space    used 4246K, capacity 4324K, committed 4352K, reserved 1048576K
Event: 14.106 GC heap after
Heap after GC invocations=21 (full 2):
 PSYoungGen      total 122368K, used 1672K [0x00000000f7b00000, 0x0000000100000000, 0x0000000100000000)
  eden space 108544K, 0% used [0x00000000f7b00000,0x00000000f7b00000,0x00000000fe500000)
  from space 13824K, 12% used [0x00000000fe500000,0x00000000fe6a22f8,0x00000000ff280000)
  to   space 13312K, 0% used [0x00000000ff300000,0x00000000ff300000,0x0000000100000000)
 ParOldGen       total 71168K, used 22278K [0x00000000e7000000, 0x00000000eb580000, 0x00000000f7b00000)
  object space 71168K, 31% used [0x00000000e7000000,0x00000000e85c1a90,0x00000000eb580000)
 Metaspace       used 31183K, capacity 31550K, committed 32000K, reserved 1077248K
  class space    used 4246K, capacity 4324K, committed 4352K, reserved 1048576K
}
Event: 14.652 GC heap before
{Heap before GC invocations=22 (full 2):
 PSYoungGen      total 122368K, used 110216K [0x00000000f7b00000, 0x0000000100000000, 0x0000000100000000)
  eden space 108544K, 100% used [0x00000000f7b00000,0x00000000fe500000,0x00000000fe500000)
  from space 13824K, 12% used [0x00000000fe500000,0x00000000fe6a22f8,0x00000000ff280000)
  to   space 13312K, 0% used [0x00000000ff300000,0x00000000ff300000,0x0000000100000000)
 ParOldGen       total 71168K, used 22278K [0x00000000e7000000, 0x00000000eb580000, 0x00000000f7b00000)
  object space 71168K, 31% used [0x00000000e7000000,0x00000000e85c1a90,0x00000000eb580000)
 Metaspace       used 32569K, capacity 32891K, committed 33152K, reserved 1077248K
  class space    used 4372K, capacity 4452K, committed 4480K, reserved 1048576K
Event: 14.656 GC heap after
Heap after GC invocations=22 (full 2):
 PSYoungGen      total 120832K, used 3055K [0x00000000f7b00000, 0x00000000ffe80000, 0x0000000100000000)
  eden space 109056K, 0% used [0x00000000f7b00000,0x00000000f7b00000,0x00000000fe580000)
  from space 11776K, 25% used [0x00000000ff300000,0x00000000ff5fbc00,0x00000000ffe80000)
  to   space 12800K, 0% used [0x00000000fe580000,0x00000000fe580000,0x00000000ff200000)
 ParOldGen       total 71168K, used 22594K [0x00000000e7000000, 0x00000000eb580000, 0x00000000f7b00000)
  object space 71168K, 31% used [0x00000000e7000000,0x00000000e8610ac0,0x00000000eb580000)
 Metaspace       used 32569K, capacity 32891K, committed 33152K, reserved 1077248K
  class space    used 4372K, capacity 4452K, committed 4480K, reserved 1048576K
}
Event: 15.829 GC heap before
{Heap before GC invocations=23 (full 2):
 PSYoungGen      total 120832K, used 112111K [0x00000000f7b00000, 0x00000000ffe80000, 0x0000000100000000)
  eden space 109056K, 100% used [0x00000000f7b00000,0x00000000fe580000,0x00000000fe580000)
  from space 11776K, 25% used [0x00000000ff300000,0x00000000ff5fbc00,0x00000000ffe80000)
  to   space 12800K, 0% used [0x00000000fe580000,0x00000000fe580000,0x00000000ff200000)
 ParOldGen       total 71168K, used 22594K [0x00000000e7000000, 0x00000000eb580000, 0x00000000f7b00000)
  object space 71168K, 31% used [0x00000000e7000000,0x00000000e8610ac0,0x00000000eb580000)
 Metaspace       used 35164K, capacity 35473K, committed 35840K, reserved 1081344K
  class space    used 4524K, capacity 4606K, committed 4608K, reserved 1048576K
Event: 15.834 GC heap after
Heap after GC invocations=23 (full 2):
 PSYoungGen      total 121856K, used 1507K [0x00000000f7b00000, 0x0000000100000000, 0x0000000100000000)
  eden space 109056K, 0% used [0x00000000f7b00000,0x00000000f7b00000,0x00000000fe580000)
  from space 12800K, 11% used [0x00000000fe580000,0x00000000fe6f8fd8,0x00000000ff200000)
  to   space 12288K, 0% used [0x00000000ff400000,0x00000000ff400000,0x0000000100000000)
 ParOldGen       total 71168K, used 22818K [0x00000000e7000000, 0x00000000eb580000, 0x00000000f7b00000)
  object space 71168K, 32% used [0x00000000e7000000,0x00000000e8648ac0,0x00000000eb580000)
 Metaspace       used 35164K, capacity 35473K, committed 35840K, reserved 1081344K
  class space    used 4524K, capacity 4606K, committed 4608K, reserved 1048576K
}
Event: 16.385 GC heap before
{Heap before GC invocations=24 (full 2):
 PSYoungGen      total 121856K, used 109450K [0x00000000f7b00000, 0x0000000100000000, 0x0000000100000000)
  eden space 109056K, 98% used [0x00000000f7b00000,0x00000000fe469860,0x00000000fe580000)
  from space 12800K, 11% used [0x00000000fe580000,0x00000000fe6f8fd8,0x00000000ff200000)
  to   space 12288K, 0% used [0x00000000ff400000,0x00000000ff400000,0x0000000100000000)
 ParOldGen       total 71168K, used 22818K [0x00000000e7000000, 0x00000000eb580000, 0x00000000f7b00000)
  object space 71168K, 32% used [0x00000000e7000000,0x00000000e8648ac0,0x00000000eb580000)
 Metaspace       used 35718K, capacity 36049K, committed 36480K, reserved 1081344K
  class space    used 4590K, capacity 4670K, committed 4736K, reserved 1048576K
Event: 16.388 GC heap after
Heap after GC invocations=24 (full 2):
 PSYoungGen      total 121856K, used 3784K [0x00000000f7b00000, 0x00000000ffe80000, 0x0000000100000000)
  eden space 111104K, 0% used [0x00000000f7b00000,0x00000000f7b00000,0x00000000fe780000)
  from space 10752K, 35% used [0x00000000ff400000,0x00000000ff7b2100,0x00000000ffe80000)
  to   space 11776K, 0% used [0x00000000fe780000,0x00000000fe780000,0x00000000ff300000)
 ParOldGen       total 71168K, used 22826K [0x00000000e7000000, 0x00000000eb580000, 0x00000000f7b00000)
  object space 71168K, 32% used [0x00000000e7000000,0x00000000e864aac0,0x00000000eb580000)
 Metaspace       used 35718K, capacity 36049K, committed 36480K, reserved 1081344K
  class space    used 4590K, capacity 4670K, committed 4736K, reserved 1048576K
}

