# JRE version: Java(TM) SE Runtime Environment (8.0_45-b15) (build 1.8.0_45-b15)
# Java VM: Java HotSpot(TM) 64-Bit Server VM (25.45-b02 mixed mode windows-amd64 compressed oops)
Heap:
 PSYoungGen      total 65536K, used 46544K [0x00000000f7b00000, 0x00000000fdc00000, 0x0000000100000000)
  eden space 34304K, 75% used [0x00000000f7b00000,0x00000000f946ac58,0x00000000f9c80000)
  from space 31232K, 65% used [0x00000000fbc00000,0x00000000fd009440,0x00000000fda80000)
  to   space 32256K, 0% used [0x00000000f9c80000,0x00000000f9c80000,0x00000000fbc00000)
 ParOldGen       total 97792K, used 55974K [0x00000000e7000000, 0x00000000ecf80000, 0x00000000f7b00000)
  object space 97792K, 57% used [0x00000000e7000000,0x00000000ea6a9a18,0x00000000ecf80000)
 Metaspace       used 39291K, capacity 39550K, committed 39976K, reserved 1085440K
  class space    used 4817K, capacity 4922K, committed 4992K, reserved 1048576K
GC Heap History (10 events):
Event: 512.374 GC heap before
{Heap before GC invocations=340 (full 4):
 PSYoungGen      total 56832K, used 18941K [0x00000000f7b00000, 0x00000000fd780000, 0x0000000100000000)
  eden space 37888K, 0% used [0x00000000f7b00000,0x00000000f7b00000,0x00000000fa000000)
  from space 18944K, 99% used [0x00000000fb900000,0x00000000fcb7f7c8,0x00000000fcb80000)
  to   space 25600K, 0% used [0x00000000fa000000,0x00000000fa000000,0x00000000fb900000)
 ParOldGen       total 84992K, used 84965K [0x00000000e7000000, 0x00000000ec300000, 0x00000000f7b00000)
  object space 84992K, 99% used [0x00000000e7000000,0x00000000ec2f9678,0x00000000ec300000)
 Metaspace       used 39210K, capacity 39542K, committed 39976K, reserved 1085440K
  class space    used 4814K, capacity 4898K, committed 4992K, reserved 1048576K
Event: 512.523 GC heap after
Heap after GC invocations=340 (full 4):
 PSYoungGen      total 56832K, used 0K [0x00000000f7b00000, 0x00000000fd780000, 0x0000000100000000)
  eden space 37888K, 0% used [0x00000000f7b00000,0x00000000f7b00000,0x00000000fa000000)
  from space 18944K, 0% used [0x00000000fb900000,0x00000000fb900000,0x00000000fcb80000)
  to   space 25600K, 0% used [0x00000000fa000000,0x00000000fa000000,0x00000000fb900000)
 ParOldGen       total 97792K, used 55966K [0x00000000e7000000, 0x00000000ecf80000, 0x00000000f7b00000)
  object space 97792K, 57% used [0x00000000e7000000,0x00000000ea6a7a18,0x00000000ecf80000)
 Metaspace       used 39196K, capacity 39518K, committed 39976K, reserved 1085440K
  class space    used 4810K, capacity 4890K, committed 4992K, reserved 1048576K
}
Event: 514.681 GC heap before
{Heap before GC invocations=341 (full 4):
 PSYoungGen      total 56832K, used 37888K [0x00000000f7b00000, 0x00000000fd780000, 0x0000000100000000)
  eden space 37888K, 100% used [0x00000000f7b00000,0x00000000fa000000,0x00000000fa000000)
  from space 18944K, 0% used [0x00000000fb900000,0x00000000fb900000,0x00000000fcb80000)
  to   space 25600K, 0% used [0x00000000fa000000,0x00000000fa000000,0x00000000fb900000)
 ParOldGen       total 97792K, used 55966K [0x00000000e7000000, 0x00000000ecf80000, 0x00000000f7b00000)
  object space 97792K, 57% used [0x00000000e7000000,0x00000000ea6a7a18,0x00000000ecf80000)
 Metaspace       used 39200K, capacity 39518K, committed 39976K, reserved 1085440K
  class space    used 4811K, capacity 4890K, committed 4992K, reserved 1048576K
Event: 514.685 GC heap after
Heap after GC invocations=341 (full 4):
 PSYoungGen      total 62976K, used 20339K [0x00000000f7b00000, 0x00000000fd680000, 0x0000000100000000)
  eden space 37376K, 0% used [0x00000000f7b00000,0x00000000f7b00000,0x00000000f9f80000)
  from space 25600K, 79% used [0x00000000fa000000,0x00000000fb3dcd10,0x00000000fb900000)
  to   space 28160K, 0% used [0x00000000fbb00000,0x00000000fbb00000,0x00000000fd680000)
 ParOldGen       total 97792K, used 55966K [0x00000000e7000000, 0x00000000ecf80000, 0x00000000f7b00000)
  object space 97792K, 57% used [0x00000000e7000000,0x00000000ea6a7a18,0x00000000ecf80000)
 Metaspace       used 39200K, capacity 39518K, committed 39976K, reserved 1085440K
  class space    used 4811K, capacity 4890K, committed 4992K, reserved 1048576K
}
Event: 515.387 GC heap before
{Heap before GC invocations=342 (full 4):
 PSYoungGen      total 62976K, used 57715K [0x00000000f7b00000, 0x00000000fd680000, 0x0000000100000000)
  eden space 37376K, 100% used [0x00000000f7b00000,0x00000000f9f80000,0x00000000f9f80000)
  from space 25600K, 79% used [0x00000000fa000000,0x00000000fb3dcd10,0x00000000fb900000)
  to   space 28160K, 0% used [0x00000000fbb00000,0x00000000fbb00000,0x00000000fd680000)
 ParOldGen       total 97792K, used 55966K [0x00000000e7000000, 0x00000000ecf80000, 0x00000000f7b00000)
  object space 97792K, 57% used [0x00000000e7000000,0x00000000ea6a7a18,0x00000000ecf80000)
 Metaspace       used 39203K, capacity 39518K, committed 39976K, reserved 1085440K
  class space    used 4811K, capacity 4890K, committed 4992K, reserved 1048576K
Event: 515.392 GC heap after
Heap after GC invocations=342 (full 4):
 PSYoungGen      total 64000K, used 20371K [0x00000000f7b00000, 0x00000000fd900000, 0x0000000100000000)
  eden space 35840K, 0% used [0x00000000f7b00000,0x00000000f7b00000,0x00000000f9e00000)
  from space 28160K, 72% used [0x00000000fbb00000,0x00000000fcee4d10,0x00000000fd680000)
  to   space 29696K, 0% used [0x00000000f9e00000,0x00000000f9e00000,0x00000000fbb00000)
 ParOldGen       total 97792K, used 55966K [0x00000000e7000000, 0x00000000ecf80000, 0x00000000f7b00000)
  object space 97792K, 57% used [0x00000000e7000000,0x00000000ea6a7a18,0x00000000ecf80000)
 Metaspace       used 39203K, capacity 39518K, committed 39976K, reserved 1085440K
  class space    used 4811K, capacity 4890K, committed 4992K, reserved 1048576K
}
Event: 517.128 GC heap before
{Heap before GC invocations=343 (full 4):
 PSYoungGen      total 64000K, used 56211K [0x00000000f7b00000, 0x00000000fd900000, 0x0000000100000000)
  eden space 35840K, 100% used [0x00000000f7b00000,0x00000000f9e00000,0x00000000f9e00000)
  from space 28160K, 72% used [0x00000000fbb00000,0x00000000fcee4d10,0x00000000fd680000)
  to   space 29696K, 0% used [0x00000000f9e00000,0x00000000f9e00000,0x00000000fbb00000)
 ParOldGen       total 97792K, used 55966K [0x00000000e7000000, 0x00000000ecf80000, 0x00000000f7b00000)
  object space 97792K, 57% used [0x00000000e7000000,0x00000000ea6a7a18,0x00000000ecf80000)
 Metaspace       used 39254K, capacity 39518K, committed 39976K, reserved 1085440K
  class space    used 4812K, capacity 4890K, committed 4992K, reserved 1048576K
Event: 517.133 GC heap after
Heap after GC invocations=343 (full 4):
 PSYoungGen      total 65024K, used 20517K [0x00000000f7b00000, 0x00000000fda80000, 0x0000000100000000)
  eden space 35328K, 0% used [0x00000000f7b00000,0x00000000f7b00000,0x00000000f9d80000)
  from space 29696K, 69% used [0x00000000f9e00000,0x00000000fb209440,0x00000000fbb00000)
  to   space 31232K, 0% used [0x00000000fbc00000,0x00000000fbc00000,0x00000000fda80000)
 ParOldGen       total 97792K, used 55974K [0x00000000e7000000, 0x00000000ecf80000, 0x00000000f7b00000)
  object space 97792K, 57% used [0x00000000e7000000,0x00000000ea6a9a18,0x00000000ecf80000)
 Metaspace       used 39254K, capacity 39518K, committed 39976K, reserved 1085440K
  class space    used 4812K, capacity 4890K, committed 4992K, reserved 1048576K
}
Event: 518.084 GC heap before
{Heap before GC invocations=344 (full 4):
 PSYoungGen      total 65024K, used 55845K [0x00000000f7b00000, 0x00000000fda80000, 0x0000000100000000)
  eden space 35328K, 100% used [0x00000000f7b00000,0x00000000f9d80000,0x00000000f9d80000)
  from space 29696K, 69% used [0x00000000f9e00000,0x00000000fb209440,0x00000000fbb00000)
  to   space 31232K, 0% used [0x00000000fbc00000,0x00000000fbc00000,0x00000000fda80000)
 ParOldGen       total 97792K, used 55974K [0x00000000e7000000, 0x00000000ecf80000, 0x00000000f7b00000)
  object space 97792K, 57% used [0x00000000e7000000,0x00000000ea6a9a18,0x00000000ecf80000)
 Metaspace       used 39254K, capacity 39518K, committed 39976K, reserved 1085440K
  class space    used 4812K, capacity 4890K, committed 4992K, reserved 1048576K
Event: 518.088 GC heap after
Heap after GC invocations=344 (full 4):
 PSYoungGen      total 65536K, used 20517K [0x00000000f7b00000, 0x00000000fdc00000, 0x0000000100000000)
  eden space 34304K, 0% used [0x00000000f7b00000,0x00000000f7b00000,0x00000000f9c80000)
  from space 31232K, 65% used [0x00000000fbc00000,0x00000000fd009440,0x00000000fda80000)
  to   space 32256K, 0% used [0x00000000f9c80000,0x00000000f9c80000,0x00000000fbc00000)
 ParOldGen       total 97792K, used 55974K [0x00000000e7000000, 0x00000000ecf80000, 0x00000000f7b00000)
  object space 97792K, 57% used [0x00000000e7000000,0x00000000ea6a9a18,0x00000000ecf80000)
 Metaspace       used 39254K, capacity 39518K, committed 39976K, reserved 1085440K
  class space    used 4812K, capacity 4890K, committed 4992K, reserved 1048576K
}

