# JRE version: Java(TM) SE Runtime Environment (8.0_45-b15) (build 1.8.0_45-b15)
# Java VM: Java HotSpot(TM) 64-Bit Server VM (25.45-b02 mixed mode windows-amd64 compressed oops)
Heap:
 PSYoungGen      total 70656K, used 34462K [0x00000000f7b00000, 0x00000000fdc00000, 0x0000000100000000)
  eden space 44032K, 38% used [0x00000000f7b00000,0x00000000f8b7b320,0x00000000fa600000)
  from space 26624K, 66% used [0x00000000fa700000,0x00000000fb82c638,0x00000000fc100000)
  to   space 27648K, 0% used [0x00000000fc100000,0x00000000fc100000,0x00000000fdc00000)
 ParOldGen       total 78336K, used 37434K [0x00000000e7000000, 0x00000000ebc80000, 0x00000000f7b00000)
  object space 78336K, 47% used [0x00000000e7000000,0x00000000e948ebc8,0x00000000ebc80000)
 Metaspace       used 39322K, capacity 39645K, committed 40064K, reserved 1085440K
  class space    used 4837K, capacity 4928K, committed 4992K, reserved 1048576K
GC Heap History (10 events):
Event: 138.751 GC heap before
{Heap before GC invocations=110 (full 3):
 PSYoungGen      total 67072K, used 66865K [0x00000000f7b00000, 0x00000000fd180000, 0x0000000100000000)
  eden space 51712K, 100% used [0x00000000f7b00000,0x00000000fad80000,0x00000000fad80000)
  from space 15360K, 98% used [0x00000000fbf00000,0x00000000fcdcc638,0x00000000fce00000)
  to   space 17920K, 0% used [0x00000000fad80000,0x00000000fad80000,0x00000000fbf00000)
 ParOldGen       total 78336K, used 37434K [0x00000000e7000000, 0x00000000ebc80000, 0x00000000f7b00000)
  object space 78336K, 47% used [0x00000000e7000000,0x00000000e948ebc8,0x00000000ebc80000)
 Metaspace       used 39319K, capacity 39645K, committed 40064K, reserved 1085440K
  class space    used 4837K, capacity 4928K, committed 4992K, reserved 1048576K
Event: 138.755 GC heap after
Heap after GC invocations=110 (full 3):
 PSYoungGen      total 68096K, used 15953K [0x00000000f7b00000, 0x00000000fd400000, 0x0000000100000000)
  eden space 50176K, 0% used [0x00000000f7b00000,0x00000000f7b00000,0x00000000fac00000)
  from space 17920K, 89% used [0x00000000fad80000,0x00000000fbd14638,0x00000000fbf00000)
  to   space 20480K, 0% used [0x00000000fc000000,0x00000000fc000000,0x00000000fd400000)
 ParOldGen       total 78336K, used 37434K [0x00000000e7000000, 0x00000000ebc80000, 0x00000000f7b00000)
  object space 78336K, 47% used [0x00000000e7000000,0x00000000e948ebc8,0x00000000ebc80000)
 Metaspace       used 39319K, capacity 39645K, committed 40064K, reserved 1085440K
  class space    used 4837K, capacity 4928K, committed 4992K, reserved 1048576K
}
Event: 139.814 GC heap before
{Heap before GC invocations=111 (full 3):
 PSYoungGen      total 68096K, used 66129K [0x00000000f7b00000, 0x00000000fd400000, 0x0000000100000000)
  eden space 50176K, 100% used [0x00000000f7b00000,0x00000000fac00000,0x00000000fac00000)
  from space 17920K, 89% used [0x00000000fad80000,0x00000000fbd14638,0x00000000fbf00000)
  to   space 20480K, 0% used [0x00000000fc000000,0x00000000fc000000,0x00000000fd400000)
 ParOldGen       total 78336K, used 37434K [0x00000000e7000000, 0x00000000ebc80000, 0x00000000f7b00000)
  object space 78336K, 47% used [0x00000000e7000000,0x00000000e948ebc8,0x00000000ebc80000)
 Metaspace       used 39320K, capacity 39645K, committed 40064K, reserved 1085440K
  class space    used 4837K, capacity 4928K, committed 4992K, reserved 1048576K
Event: 139.823 GC heap after
Heap after GC invocations=111 (full 3):
 PSYoungGen      total 68096K, used 17521K [0x00000000f7b00000, 0x00000000fd800000, 0x0000000100000000)
  eden space 47616K, 0% used [0x00000000f7b00000,0x00000000f7b00000,0x00000000fa980000)
  from space 20480K, 85% used [0x00000000fc000000,0x00000000fd11c638,0x00000000fd400000)
  to   space 23040K, 0% used [0x00000000fa980000,0x00000000fa980000,0x00000000fc000000)
 ParOldGen       total 78336K, used 37434K [0x00000000e7000000, 0x00000000ebc80000, 0x00000000f7b00000)
  object space 78336K, 47% used [0x00000000e7000000,0x00000000e948ebc8,0x00000000ebc80000)
 Metaspace       used 39320K, capacity 39645K, committed 40064K, reserved 1085440K
  class space    used 4837K, capacity 4928K, committed 4992K, reserved 1048576K
}
Event: 141.734 GC heap before
{Heap before GC invocations=112 (full 3):
 PSYoungGen      total 68096K, used 65137K [0x00000000f7b00000, 0x00000000fd800000, 0x0000000100000000)
  eden space 47616K, 100% used [0x00000000f7b00000,0x00000000fa980000,0x00000000fa980000)
  from space 20480K, 85% used [0x00000000fc000000,0x00000000fd11c638,0x00000000fd400000)
  to   space 23040K, 0% used [0x00000000fa980000,0x00000000fa980000,0x00000000fc000000)
 ParOldGen       total 78336K, used 37434K [0x00000000e7000000, 0x00000000ebc80000, 0x00000000f7b00000)
  object space 78336K, 47% used [0x00000000e7000000,0x00000000e948ebc8,0x00000000ebc80000)
 Metaspace       used 39320K, capacity 39645K, committed 40064K, reserved 1085440K
  class space    used 4837K, capacity 4928K, committed 4992K, reserved 1048576K
Event: 141.742 GC heap after
Heap after GC invocations=112 (full 3):
 PSYoungGen      total 69632K, used 17553K [0x00000000f7b00000, 0x00000000fd980000, 0x0000000100000000)
  eden space 46592K, 0% used [0x00000000f7b00000,0x00000000f7b00000,0x00000000fa880000)
  from space 23040K, 76% used [0x00000000fa980000,0x00000000fbaa4638,0x00000000fc000000)
  to   space 25088K, 0% used [0x00000000fc100000,0x00000000fc100000,0x00000000fd980000)
 ParOldGen       total 78336K, used 37434K [0x00000000e7000000, 0x00000000ebc80000, 0x00000000f7b00000)
  object space 78336K, 47% used [0x00000000e7000000,0x00000000e948ebc8,0x00000000ebc80000)
 Metaspace       used 39320K, capacity 39645K, committed 40064K, reserved 1085440K
  class space    used 4837K, capacity 4928K, committed 4992K, reserved 1048576K
}
Event: 143.689 GC heap before
{Heap before GC invocations=113 (full 3):
 PSYoungGen      total 69632K, used 64145K [0x00000000f7b00000, 0x00000000fd980000, 0x0000000100000000)
  eden space 46592K, 100% used [0x00000000f7b00000,0x00000000fa880000,0x00000000fa880000)
  from space 23040K, 76% used [0x00000000fa980000,0x00000000fbaa4638,0x00000000fc000000)
  to   space 25088K, 0% used [0x00000000fc100000,0x00000000fc100000,0x00000000fd980000)
 ParOldGen       total 78336K, used 37434K [0x00000000e7000000, 0x00000000ebc80000, 0x00000000f7b00000)
  object space 78336K, 47% used [0x00000000e7000000,0x00000000e948ebc8,0x00000000ebc80000)
 Metaspace       used 39321K, capacity 39645K, committed 40064K, reserved 1085440K
  class space    used 4837K, capacity 4928K, committed 4992K, reserved 1048576K
Event: 143.698 GC heap after
Heap after GC invocations=113 (full 3):
 PSYoungGen      total 70144K, used 17585K [0x00000000f7b00000, 0x00000000fdb80000, 0x0000000100000000)
  eden space 45056K, 0% used [0x00000000f7b00000,0x00000000f7b00000,0x00000000fa700000)
  from space 25088K, 70% used [0x00000000fc100000,0x00000000fd22c638,0x00000000fd980000)
  to   space 26624K, 0% used [0x00000000fa700000,0x00000000fa700000,0x00000000fc100000)
 ParOldGen       total 78336K, used 37434K [0x00000000e7000000, 0x00000000ebc80000, 0x00000000f7b00000)
  object space 78336K, 47% used [0x00000000e7000000,0x00000000e948ebc8,0x00000000ebc80000)
 Metaspace       used 39321K, capacity 39645K, committed 40064K, reserved 1085440K
  class space    used 4837K, capacity 4928K, committed 4992K, reserved 1048576K
}
Event: 145.694 GC heap before
{Heap before GC invocations=114 (full 3):
 PSYoungGen      total 70144K, used 62641K [0x00000000f7b00000, 0x00000000fdb80000, 0x0000000100000000)
  eden space 45056K, 100% used [0x00000000f7b00000,0x00000000fa700000,0x00000000fa700000)
  from space 25088K, 70% used [0x00000000fc100000,0x00000000fd22c638,0x00000000fd980000)
  to   space 26624K, 0% used [0x00000000fa700000,0x00000000fa700000,0x00000000fc100000)
 ParOldGen       total 78336K, used 37434K [0x00000000e7000000, 0x00000000ebc80000, 0x00000000f7b00000)
  object space 78336K, 47% used [0x00000000e7000000,0x00000000e948ebc8,0x00000000ebc80000)
 Metaspace       used 39322K, capacity 39645K, committed 40064K, reserved 1085440K
  class space    used 4837K, capacity 4928K, committed 4992K, reserved 1048576K
Event: 145.698 GC heap after
Heap after GC invocations=114 (full 3):
 PSYoungGen      total 70656K, used 17585K [0x00000000f7b00000, 0x00000000fdc00000, 0x0000000100000000)
  eden space 44032K, 0% used [0x00000000f7b00000,0x00000000f7b00000,0x00000000fa600000)
  from space 26624K, 66% used [0x00000000fa700000,0x00000000fb82c638,0x00000000fc100000)
  to   space 27648K, 0% used [0x00000000fc100000,0x00000000fc100000,0x00000000fdc00000)
 ParOldGen       total 78336K, used 37434K [0x00000000e7000000, 0x00000000ebc80000, 0x00000000f7b00000)
  object space 78336K, 47% used [0x00000000e7000000,0x00000000e948ebc8,0x00000000ebc80000)
 Metaspace       used 39322K, capacity 39645K, committed 40064K, reserved 1085440K
  class space    used 4837K, capacity 4928K, committed 4992K, reserved 1048576K
}

