# JRE version: Java(TM) SE Runtime Environment (8.0_45-b15) (build 1.8.0_45-b15)
# Java VM: Java HotSpot(TM) 64-Bit Server VM (25.45-b02 mixed mode windows-amd64 compressed oops)
Heap:
 PSYoungGen      total 105472K, used 82693K [0x00000000f7b00000, 0x0000000100000000, 0x0000000100000000)
  eden space 99328K, 83% used [0x00000000f7b00000,0x00000000fcbc1418,0x00000000fdc00000)
  from space 6144K, 0% used [0x00000000ffa00000,0x00000000ffa00000,0x0000000100000000)
  to   space 18432K, 0% used [0x00000000fdc00000,0x00000000fdc00000,0x00000000fee00000)
 ParOldGen       total 113664K, used 46617K [0x00000000e7000000, 0x00000000edf00000, 0x00000000f7b00000)
  object space 113664K, 41% used [0x00000000e7000000,0x00000000e9d86570,0x00000000edf00000)
 Metaspace       used 38536K, capacity 38815K, committed 39040K, reserved 1083392K
  class space    used 4850K, capacity 4929K, committed 4992K, reserved 1048576K
GC Heap History (10 events):
Event: 42.210 GC heap before
{Heap before GC invocations=23 (full 2):
 PSYoungGen      total 130048K, used 128240K [0x00000000f7b00000, 0x00000000fff80000, 0x0000000100000000)
  eden space 125440K, 100% used [0x00000000f7b00000,0x00000000ff580000,0x00000000ff580000)
  from space 4608K, 60% used [0x00000000ffb00000,0x00000000ffdbc278,0x00000000fff80000)
  to   space 5120K, 0% used [0x00000000ff580000,0x00000000ff580000,0x00000000ffa80000)
 ParOldGen       total 66048K, used 22497K [0x00000000e7000000, 0x00000000eb080000, 0x00000000f7b00000)
  object space 66048K, 34% used [0x00000000e7000000,0x00000000e85f87a8,0x00000000eb080000)
 Metaspace       used 35331K, capacity 35629K, committed 35968K, reserved 1081344K
  class space    used 4539K, capacity 4638K, committed 4736K, reserved 1048576K
Event: 42.216 GC heap after
Heap after GC invocations=23 (full 2):
 PSYoungGen      total 130560K, used 2379K [0x00000000f7b00000, 0x0000000100000000, 0x0000000100000000)
  eden space 125440K, 0% used [0x00000000f7b00000,0x00000000f7b00000,0x00000000ff580000)
  from space 5120K, 46% used [0x00000000ff580000,0x00000000ff7d2ef0,0x00000000ffa80000)
  to   space 5120K, 0% used [0x00000000ffb00000,0x00000000ffb00000,0x0000000100000000)
 ParOldGen       total 66048K, used 22505K [0x00000000e7000000, 0x00000000eb080000, 0x00000000f7b00000)
  object space 66048K, 34% used [0x00000000e7000000,0x00000000e85fa7a8,0x00000000eb080000)
 Metaspace       used 35331K, capacity 35629K, committed 35968K, reserved 1081344K
  class space    used 4539K, capacity 4638K, committed 4736K, reserved 1048576K
}
Event: 42.765 GC heap before
{Heap before GC invocations=24 (full 2):
 PSYoungGen      total 130560K, used 108958K [0x00000000f7b00000, 0x0000000100000000, 0x0000000100000000)
  eden space 125440K, 84% used [0x00000000f7b00000,0x00000000fe314988,0x00000000ff580000)
  from space 5120K, 46% used [0x00000000ff580000,0x00000000ff7d2ef0,0x00000000ffa80000)
  to   space 5120K, 0% used [0x00000000ffb00000,0x00000000ffb00000,0x0000000100000000)
 ParOldGen       total 66048K, used 22505K [0x00000000e7000000, 0x00000000eb080000, 0x00000000f7b00000)
  object space 66048K, 34% used [0x00000000e7000000,0x00000000e85fa7a8,0x00000000eb080000)
 Metaspace       used 35884K, capacity 36205K, committed 36480K, reserved 1081344K
  class space    used 4603K, capacity 4702K, committed 4736K, reserved 1048576K
Event: 42.769 GC heap after
Heap after GC invocations=24 (full 2):
 PSYoungGen      total 129024K, used 5094K [0x00000000f7b00000, 0x0000000100000000, 0x0000000100000000)
  eden space 123904K, 0% used [0x00000000f7b00000,0x00000000f7b00000,0x00000000ff400000)
  from space 5120K, 99% used [0x00000000ffb00000,0x00000000ffff9b90,0x0000000100000000)
  to   space 6144K, 0% used [0x00000000ff400000,0x00000000ff400000,0x00000000ffa00000)
 ParOldGen       total 66048K, used 23471K [0x00000000e7000000, 0x00000000eb080000, 0x00000000f7b00000)
  object space 66048K, 35% used [0x00000000e7000000,0x00000000e86ebe08,0x00000000eb080000)
 Metaspace       used 35884K, capacity 36205K, committed 36480K, reserved 1081344K
  class space    used 4603K, capacity 4702K, committed 4736K, reserved 1048576K
}
Event: 43.256 GC heap before
{Heap before GC invocations=25 (full 2):
 PSYoungGen      total 129024K, used 126768K [0x00000000f7b00000, 0x0000000100000000, 0x0000000100000000)
  eden space 123904K, 98% used [0x00000000f7b00000,0x00000000ff1d2690,0x00000000ff400000)
  from space 5120K, 99% used [0x00000000ffb00000,0x00000000ffff9b90,0x0000000100000000)
  to   space 6144K, 0% used [0x00000000ff400000,0x00000000ff400000,0x00000000ffa00000)
 ParOldGen       total 66048K, used 23471K [0x00000000e7000000, 0x00000000eb080000, 0x00000000f7b00000)
  object space 66048K, 35% used [0x00000000e7000000,0x00000000e86ebe08,0x00000000eb080000)
 Metaspace       used 36444K, capacity 36819K, committed 37120K, reserved 1081344K
  class space    used 4696K, capacity 4799K, committed 4864K, reserved 1048576K
Event: 43.260 GC heap after
Heap after GC invocations=25 (full 2):
 PSYoungGen      total 130048K, used 3630K [0x00000000f7b00000, 0x0000000100000000, 0x0000000100000000)
  eden space 123904K, 0% used [0x00000000f7b00000,0x00000000f7b00000,0x00000000ff400000)
  from space 6144K, 59% used [0x00000000ff400000,0x00000000ff78baf0,0x00000000ffa00000)
  to   space 6144K, 0% used [0x00000000ffa00000,0x00000000ffa00000,0x0000000100000000)
 ParOldGen       total 66048K, used 24120K [0x00000000e7000000, 0x00000000eb080000, 0x00000000f7b00000)
  object space 66048K, 36% used [0x00000000e7000000,0x00000000e878e2b8,0x00000000eb080000)
 Metaspace       used 36444K, capacity 36819K, committed 37120K, reserved 1081344K
  class space    used 4696K, capacity 4799K, committed 4864K, reserved 1048576K
}
Event: 57.570 GC heap before
{Heap before GC invocations=26 (full 2):
 PSYoungGen      total 130048K, used 127534K [0x00000000f7b00000, 0x0000000100000000, 0x0000000100000000)
  eden space 123904K, 100% used [0x00000000f7b00000,0x00000000ff400000,0x00000000ff400000)
  from space 6144K, 59% used [0x00000000ff400000,0x00000000ff78baf0,0x00000000ffa00000)
  to   space 6144K, 0% used [0x00000000ffa00000,0x00000000ffa00000,0x0000000100000000)
 ParOldGen       total 66048K, used 24120K [0x00000000e7000000, 0x00000000eb080000, 0x00000000f7b00000)
  object space 66048K, 36% used [0x00000000e7000000,0x00000000e878e2b8,0x00000000eb080000)
 Metaspace       used 37922K, capacity 38233K, committed 38528K, reserved 1083392K
  class space    used 4846K, capacity 4928K, committed 4992K, reserved 1048576K
Event: 57.582 GC heap after
Heap after GC invocations=26 (full 2):
 PSYoungGen      total 105472K, used 6122K [0x00000000f7b00000, 0x0000000100000000, 0x0000000100000000)
  eden space 99328K, 0% used [0x00000000f7b00000,0x00000000f7b00000,0x00000000fdc00000)
  from space 6144K, 99% used [0x00000000ffa00000,0x00000000ffffaab0,0x0000000100000000)
  to   space 18432K, 0% used [0x00000000fdc00000,0x00000000fdc00000,0x00000000fee00000)
 ParOldGen       total 66048K, used 55610K [0x00000000e7000000, 0x00000000eb080000, 0x00000000f7b00000)
  object space 66048K, 84% used [0x00000000e7000000,0x00000000ea64ebf0,0x00000000eb080000)
 Metaspace       used 37922K, capacity 38233K, committed 38528K, reserved 1083392K
  class space    used 4846K, capacity 4928K, committed 4992K, reserved 1048576K
}
Event: 57.582 GC heap before
{Heap before GC invocations=27 (full 3):
 PSYoungGen      total 105472K, used 6122K [0x00000000f7b00000, 0x0000000100000000, 0x0000000100000000)
  eden space 99328K, 0% used [0x00000000f7b00000,0x00000000f7b00000,0x00000000fdc00000)
  from space 6144K, 99% used [0x00000000ffa00000,0x00000000ffffaab0,0x0000000100000000)
  to   space 18432K, 0% used [0x00000000fdc00000,0x00000000fdc00000,0x00000000fee00000)
 ParOldGen       total 66048K, used 55610K [0x00000000e7000000, 0x00000000eb080000, 0x00000000f7b00000)
  object space 66048K, 84% used [0x00000000e7000000,0x00000000ea64ebf0,0x00000000eb080000)
 Metaspace       used 37922K, capacity 38233K, committed 38528K, reserved 1083392K
  class space    used 4846K, capacity 4928K, committed 4992K, reserved 1048576K
Event: 57.708 GC heap after
Heap after GC invocations=27 (full 3):
 PSYoungGen      total 105472K, used 0K [0x00000000f7b00000, 0x0000000100000000, 0x0000000100000000)
  eden space 99328K, 0% used [0x00000000f7b00000,0x00000000f7b00000,0x00000000fdc00000)
  from space 6144K, 0% used [0x00000000ffa00000,0x00000000ffa00000,0x0000000100000000)
  to   space 18432K, 0% used [0x00000000fdc00000,0x00000000fdc00000,0x00000000fee00000)
 ParOldGen       total 113664K, used 46617K [0x00000000e7000000, 0x00000000edf00000, 0x00000000f7b00000)
  object space 113664K, 41% used [0x00000000e7000000,0x00000000e9d86570,0x00000000edf00000)
 Metaspace       used 37922K, capacity 38233K, committed 38528K, reserved 1083392K
  class space    used 4846K, capacity 4928K, committed 4992K, reserved 1048576K
}

