# JRE version: Java(TM) SE Runtime Environment (8.0_45-b15) (build 1.8.0_45-b15)
# Java VM: Java HotSpot(TM) 64-Bit Server VM (25.45-b02 mixed mode windows-amd64 compressed oops)
Heap:
 PSYoungGen      total 79360K, used 30192K [0x00000000f7b00000, 0x00000000fe300000, 0x0000000100000000)
  eden space 77312K, 36% used [0x00000000f7b00000,0x00000000f96e9b48,0x00000000fc680000)
  from space 2048K, 78% used [0x00000000fe100000,0x00000000fe2924f8,0x00000000fe300000)
  to   space 3072K, 0% used [0x00000000fdd00000,0x00000000fdd00000,0x00000000fe000000)
 ParOldGen       total 85504K, used 57878K [0x00000000e7000000, 0x00000000ec380000, 0x00000000f7b00000)
  object space 85504K, 67% used [0x00000000e7000000,0x00000000ea885a00,0x00000000ec380000)
 Metaspace       used 39225K, capacity 39510K, committed 40064K, reserved 1085440K
  class space    used 4790K, capacity 4866K, committed 4992K, reserved 1048576K
GC Heap History (10 events):
Event: 94.734 GC heap before
{Heap before GC invocations=107 (full 3):
 PSYoungGen      total 95744K, used 92481K [0x00000000f7b00000, 0x00000000fe980000, 0x0000000100000000)
  eden space 91648K, 100% used [0x00000000f7b00000,0x00000000fd480000,0x00000000fd480000)
  from space 4096K, 20% used [0x00000000fe200000,0x00000000fe2d0480,0x00000000fe600000)
  to   space 3584K, 0% used [0x00000000fe600000,0x00000000fe600000,0x00000000fe980000)
 ParOldGen       total 85504K, used 57572K [0x00000000e7000000, 0x00000000ec380000, 0x00000000f7b00000)
  object space 85504K, 67% used [0x00000000e7000000,0x00000000ea839340,0x00000000ec380000)
 Metaspace       used 39205K, capacity 39510K, committed 40064K, reserved 1085440K
  class space    used 4789K, capacity 4866K, committed 4992K, reserved 1048576K
Event: 94.737 GC heap after
Heap after GC invocations=107 (full 3):
 PSYoungGen      total 89600K, used 672K [0x00000000f7b00000, 0x00000000fe700000, 0x0000000100000000)
  eden space 88576K, 0% used [0x00000000f7b00000,0x00000000f7b00000,0x00000000fd180000)
  from space 1024K, 65% used [0x00000000fe600000,0x00000000fe6a8000,0x00000000fe700000)
  to   space 3584K, 0% used [0x00000000fe000000,0x00000000fe000000,0x00000000fe380000)
 ParOldGen       total 85504K, used 57710K [0x00000000e7000000, 0x00000000ec380000, 0x00000000f7b00000)
  object space 85504K, 67% used [0x00000000e7000000,0x00000000ea85ba00,0x00000000ec380000)
 Metaspace       used 39205K, capacity 39510K, committed 40064K, reserved 1085440K
  class space    used 4789K, capacity 4866K, committed 4992K, reserved 1048576K
}
Event: 95.690 GC heap before
{Heap before GC invocations=108 (full 3):
 PSYoungGen      total 89600K, used 89248K [0x00000000f7b00000, 0x00000000fe700000, 0x0000000100000000)
  eden space 88576K, 100% used [0x00000000f7b00000,0x00000000fd180000,0x00000000fd180000)
  from space 1024K, 65% used [0x00000000fe600000,0x00000000fe6a8000,0x00000000fe700000)
  to   space 3584K, 0% used [0x00000000fe000000,0x00000000fe000000,0x00000000fe380000)
 ParOldGen       total 85504K, used 57710K [0x00000000e7000000, 0x00000000ec380000, 0x00000000f7b00000)
  object space 85504K, 67% used [0x00000000e7000000,0x00000000ea85ba00,0x00000000ec380000)
 Metaspace       used 39205K, capacity 39510K, committed 40064K, reserved 1085440K
  class space    used 4789K, capacity 4866K, committed 4992K, reserved 1048576K
Event: 95.693 GC heap after
Heap after GC invocations=108 (full 3):
 PSYoungGen      total 89088K, used 1001K [0x00000000f7b00000, 0x00000000fe680000, 0x0000000100000000)
  eden space 85504K, 0% used [0x00000000f7b00000,0x00000000f7b00000,0x00000000fce80000)
  from space 3584K, 27% used [0x00000000fe000000,0x00000000fe0fa4f8,0x00000000fe380000)
  to   space 3072K, 0% used [0x00000000fe380000,0x00000000fe380000,0x00000000fe680000)
 ParOldGen       total 85504K, used 57766K [0x00000000e7000000, 0x00000000ec380000, 0x00000000f7b00000)
  object space 85504K, 67% used [0x00000000e7000000,0x00000000ea869a00,0x00000000ec380000)
 Metaspace       used 39205K, capacity 39510K, committed 40064K, reserved 1085440K
  class space    used 4789K, capacity 4866K, committed 4992K, reserved 1048576K
}
Event: 96.821 GC heap before
{Heap before GC invocations=109 (full 3):
 PSYoungGen      total 89088K, used 86505K [0x00000000f7b00000, 0x00000000fe680000, 0x0000000100000000)
  eden space 85504K, 100% used [0x00000000f7b00000,0x00000000fce80000,0x00000000fce80000)
  from space 3584K, 27% used [0x00000000fe000000,0x00000000fe0fa4f8,0x00000000fe380000)
  to   space 3072K, 0% used [0x00000000fe380000,0x00000000fe380000,0x00000000fe680000)
 ParOldGen       total 85504K, used 57766K [0x00000000e7000000, 0x00000000ec380000, 0x00000000f7b00000)
  object space 85504K, 67% used [0x00000000e7000000,0x00000000ea869a00,0x00000000ec380000)
 Metaspace       used 39205K, capacity 39510K, committed 40064K, reserved 1085440K
  class space    used 4789K, capacity 4866K, committed 4992K, reserved 1048576K
Event: 96.823 GC heap after
Heap after GC invocations=109 (full 3):
 PSYoungGen      total 83456K, used 929K [0x00000000f7b00000, 0x00000000fe480000, 0x0000000100000000)
  eden space 82432K, 0% used [0x00000000f7b00000,0x00000000f7b00000,0x00000000fcb80000)
  from space 1024K, 90% used [0x00000000fe380000,0x00000000fe4686a0,0x00000000fe480000)
  to   space 3072K, 0% used [0x00000000fde80000,0x00000000fde80000,0x00000000fe180000)
 ParOldGen       total 85504K, used 57814K [0x00000000e7000000, 0x00000000ec380000, 0x00000000f7b00000)
  object space 85504K, 67% used [0x00000000e7000000,0x00000000ea875a00,0x00000000ec380000)
 Metaspace       used 39205K, capacity 39510K, committed 40064K, reserved 1085440K
  class space    used 4789K, capacity 4866K, committed 4992K, reserved 1048576K
}
Event: 98.112 GC heap before
{Heap before GC invocations=110 (full 3):
 PSYoungGen      total 83456K, used 83361K [0x00000000f7b00000, 0x00000000fe480000, 0x0000000100000000)
  eden space 82432K, 100% used [0x00000000f7b00000,0x00000000fcb80000,0x00000000fcb80000)
  from space 1024K, 90% used [0x00000000fe380000,0x00000000fe4686a0,0x00000000fe480000)
  to   space 3072K, 0% used [0x00000000fde80000,0x00000000fde80000,0x00000000fe180000)
 ParOldGen       total 85504K, used 57814K [0x00000000e7000000, 0x00000000ec380000, 0x00000000f7b00000)
  object space 85504K, 67% used [0x00000000e7000000,0x00000000ea875a00,0x00000000ec380000)
 Metaspace       used 39221K, capacity 39510K, committed 40064K, reserved 1085440K
  class space    used 4789K, capacity 4866K, committed 4992K, reserved 1048576K
Event: 98.115 GC heap after
Heap after GC invocations=110 (full 3):
 PSYoungGen      total 81408K, used 1025K [0x00000000f7b00000, 0x00000000fe400000, 0x0000000100000000)
  eden space 79872K, 0% used [0x00000000f7b00000,0x00000000f7b00000,0x00000000fc900000)
  from space 1536K, 66% used [0x00000000fde80000,0x00000000fdf806a0,0x00000000fe000000)
  to   space 3072K, 0% used [0x00000000fe100000,0x00000000fe100000,0x00000000fe400000)
 ParOldGen       total 85504K, used 57854K [0x00000000e7000000, 0x00000000ec380000, 0x00000000f7b00000)
  object space 85504K, 67% used [0x00000000e7000000,0x00000000ea87fa00,0x00000000ec380000)
 Metaspace       used 39221K, capacity 39510K, committed 40064K, reserved 1085440K
  class space    used 4789K, capacity 4866K, committed 4992K, reserved 1048576K
}
Event: 106.206 GC heap before
{Heap before GC invocations=111 (full 3):
 PSYoungGen      total 81408K, used 80897K [0x00000000f7b00000, 0x00000000fe400000, 0x0000000100000000)
  eden space 79872K, 100% used [0x00000000f7b00000,0x00000000fc900000,0x00000000fc900000)
  from space 1536K, 66% used [0x00000000fde80000,0x00000000fdf806a0,0x00000000fe000000)
  to   space 3072K, 0% used [0x00000000fe100000,0x00000000fe100000,0x00000000fe400000)
 ParOldGen       total 85504K, used 57854K [0x00000000e7000000, 0x00000000ec380000, 0x00000000f7b00000)
  object space 85504K, 67% used [0x00000000e7000000,0x00000000ea87fa00,0x00000000ec380000)
 Metaspace       used 39225K, capacity 39510K, committed 40064K, reserved 1085440K
  class space    used 4790K, capacity 4866K, committed 4992K, reserved 1048576K
Event: 106.210 GC heap after
Heap after GC invocations=111 (full 3):
 PSYoungGen      total 79360K, used 1609K [0x00000000f7b00000, 0x00000000fe300000, 0x0000000100000000)
  eden space 77312K, 0% used [0x00000000f7b00000,0x00000000f7b00000,0x00000000fc680000)
  from space 2048K, 78% used [0x00000000fe100000,0x00000000fe2924f8,0x00000000fe300000)
  to   space 3072K, 0% used [0x00000000fdd00000,0x00000000fdd00000,0x00000000fe000000)
 ParOldGen       total 85504K, used 57878K [0x00000000e7000000, 0x00000000ec380000, 0x00000000f7b00000)
  object space 85504K, 67% used [0x00000000e7000000,0x00000000ea885a00,0x00000000ec380000)
 Metaspace       used 39225K, capacity 39510K, committed 40064K, reserved 1085440K
  class space    used 4790K, capacity 4866K, committed 4992K, reserved 1048576K
}

